<?xml version="1.0" encoding="UTF-8"?>
<testng-results ignored="0" total="3" passed="3" failed="0" skipped="0">
  <reporter-output>
    <line>
      <![CDATA[country]]>
    </line>
  </reporter-output>
  <suite started-at="2023-06-12T16:45:46 IST" name="Suite" finished-at="2023-06-12T16:45:46 IST" duration-ms="41">
    <groups>
    </groups>
    <test started-at="2023-06-12T16:45:46 IST" name="Test" finished-at="2023-06-12T16:45:46 IST" duration-ms="41">
      <class name="qsp.D2">
        <test-method signature="test3()[pri:0, instance:qsp.D2@793138bd]" started-at="2023-06-12T16:45:46 IST" name="test3" finished-at="2023-06-12T16:45:46 IST" duration-ms="2" status="PASS">
          <reporter-output>
            <line>
              <![CDATA[country]]>
            </line>
          </reporter-output>
        </test-method> <!-- test3 -->
      </class> <!-- qsp.D2 -->
      <class name="qsp.D1">
        <test-method signature="test()[pri:0, instance:qsp.D1@73dce0e6]" started-at="2023-06-12T16:45:46 IST" name="test" finished-at="2023-06-12T16:45:46 IST" duration-ms="4" status="PASS">
          <reporter-output>
          </reporter-output>
        </test-method> <!-- test -->
        <test-method signature="test1()[pri:0, instance:qsp.D1@73dce0e6]" started-at="2023-06-12T16:45:46 IST" name="test1" finished-at="2023-06-12T16:45:46 IST" duration-ms="1" status="PASS">
          <reporter-output>
          </reporter-output>
        </test-method> <!-- test1 -->
      </class> <!-- qsp.D1 -->
    </test> <!-- Test -->
  </suite> <!-- Suite -->
</testng-results>
